TN:
SF:C:\Projects\Java\rpas\frontend\src\App.vue
FN:16,(anonymous_1)
FNF:1
FNH:1
FNDA:1,(anonymous_1)
DA:17,1
LF:1
LH:1
BRF:0
BRH:0
end_of_record
TN:
SF:C:\Projects\Java\rpas\frontend\src\components\User.vue
FN:27,(anonymous_1)
FN:43,(anonymous_2)
FN:45,(anonymous_3)
FN:51,(anonymous_4)
FN:56,(anonymous_5)
FN:57,(anonymous_6)
FN:61,(anonymous_7)
FNF:7
FNH:1
FNDA:1,(anonymous_1)
FNDA:0,(anonymous_2)
FNDA:0,(anonymous_3)
FNDA:0,(anonymous_4)
FNDA:0,(anonymous_5)
FNDA:0,(anonymous_6)
FNDA:0,(anonymous_7)
DA:22,1
DA:28,1
DA:45,0
DA:47,0
DA:48,0
DA:49,0
DA:50,0
DA:53,0
DA:57,0
DA:59,0
DA:60,0
DA:63,0
LF:12
LH:2
BRF:0
BRH:0
end_of_record
TN:
SF:C:\Projects\Java\rpas\frontend\src\components\backend-api.js
FN:10,(anonymous_0)
FNF:1
FNH:0
FNDA:0,(anonymous_0)
DA:3,1
DA:11,0
LF:2
LH:1
BRF:0
BRH:0
end_of_record
